<?xml version="1.0" encoding="UTF-8"?>
<!-- Generated by org.testng.reporters.JUnitXMLReporter -->
<testsuite ignored="0" hostname="DESKTOP-D85A4UU" failures="0" tests="1" name="Default test(failed)" time="0.043" errors="0" timestamp="2022-08-07T23:22:03 IST">
  <testcase classname="com.SauceDemoTestClasses.TestBaseClass" name="@BeforeClass beforeClass" time="-1.659894723551E9">
    <failure type="org.testng.TestNGException" message="
Parameter &amp;apos;browserName&amp;apos; is required by BeforeClass on method beforeClass but has not been marked @Optional or defined
in C:\Users\shree\eclipse-workspace\SauceDemo02April\test-output\testng-failed.xml">
      <![CDATA[org.testng.TestNGException: 
Parameter 'browserName' is required by BeforeClass on method beforeClass but has not been marked @Optional or defined
in C:\Users\shree\eclipse-workspace\SauceDemo02April\test-output\testng-failed.xml
at java.base/java.util.ArrayList.forEach(ArrayList.java:1511)
... Removed 22 stack frames]]>
    </failure>
  </testcase> <!-- @BeforeClass beforeClass -->
  <testcase classname="com.SauceDemoTestClasses.TestBaseClass" name="@BeforeMethod beforeMethod" time="-1.659894723568E9">
    <skipped/>
  </testcase> <!-- @BeforeMethod beforeMethod -->
  <testcase classname="com.SauceDemoTestClasses.TestBaseClass" name="@AfterMethod afterlogMethod" time="-1.659894723578E9">
    <skipped/>
  </testcase> <!-- @AfterMethod afterlogMethod -->
  <testcase classname="com.SauceDemoTestClasses.TestBaseClass" name="@AfterClass brwsrClosed" time="-1.65989472358E9">
    <skipped/>
  </testcase> <!-- @AfterClass brwsrClosed -->
  <testcase classname="com.SauceDemoTestClasses.TC01VerifyLoginFunctionality" name="verifylogin" time="0.0">
    <skipped/>
  </testcase> <!-- verifylogin -->
</testsuite> <!-- Default test(failed) -->
