<?xml version="1.0" encoding="UTF-8"?>
<!-- Generated by org.testng.reporters.JUnitXMLReporter -->
<testsuite ignored="0" hostname="DESKTOP-D85A4UU" failures="1" tests="1" name="ChromeTest(failed)" time="4.734" errors="0" timestamp="2022-08-07T23:13:19 IST">
  <testcase classname="com.SauceDemoTestClasses.TC01VerifyLoginFunctionality" name="verifylogin" time="0.25">
    <failure type="java.io.FileNotFoundException" message=".\Screenshot\SauceDemo219-08-22 &amp;amp; 23-08-817.jpg (The system cannot find the path specified)">
      <![CDATA[java.io.FileNotFoundException: .\Screenshot\SauceDemo219-08-22 & 23-08-817.jpg (The system cannot find the path specified)
at java.base/java.io.FileOutputStream.open0(Native Method)
at java.base/java.io.FileOutputStream.open(FileOutputStream.java:291)
at java.base/java.io.FileOutputStream.<init>(FileOutputStream.java:234)
at java.base/java.io.FileOutputStream.<init>(FileOutputStream.java:184)
at org.openqa.selenium.io.FileHandler.copyFile(FileHandler.java:138)
at org.openqa.selenium.io.FileHandler.copy(FileHandler.java:117)
at com.SauceDemoUtilityClasses.ScreenShotClass.screenShotmethod(ScreenShotClass.java:27)
at com.SauceDemoTestClasses.TC01VerifyLoginFunctionality.verifylogin(TC01VerifyLoginFunctionality.java:27)
at java.base/java.util.ArrayList.forEach(ArrayList.java:1511)
... Removed 27 stack frames]]>
    </failure>
  </testcase> <!-- verifylogin -->
</testsuite> <!-- ChromeTest(failed) -->
